<?xml version="1.0" encoding="UTF-8"?>
<!-- Generated by org.testng.reporters.JUnitReportReporter -->
<testsuite hostname="LAPTOP-Q5MQ97JC" failures="0" tests="1" name="TestClassPackage3.TC01VerifyLoginPageFunctionality" time="8.996" errors="0" timestamp="2022-12-30T18:29:17 IST" skipped="0">
  <testcase classname="TestClassPackage3.TC01VerifyLoginPageFunctionality" name="verifylogin" time="8.996"/>
  <system-out/>
</testsuite> <!-- TestClassPackage3.TC01VerifyLoginPageFunctionality -->
